T1
Features used:
["clarity", "helpfulness", "easiness"]
======================================

iter   1  #CD cycles 1
iter   2  #CD cycles 1
iter   3  #CD cycles 1
iter   4  #CD cycles 1
iter   5  #CD cycles 11
iter   6  #CD cycles 3
iter   7  #CD cycles 5
iter   8  #CD cycles 11
=========================
optimization finished, #iter = 8
Objective value = 140645.566957
#nonzeros/#features = 3/3
iter   1  #CD cycles 1
iter   2  #CD cycles 1
iter   3  #CD cycles 1
iter   4  #CD cycles 1
iter   5  #CD cycles 23
=========================
optimization finished, #iter = 5
Objective value = 140657.669979
#nonzeros/#features = 3/3
iter   1  #CD cycles 1
iter   2  #CD cycles 1
iter   3  #CD cycles 1
iter   4  #CD cycles 5
iter   5  #CD cycles 3
iter   6  #CD cycles 1
iter   7  #CD cycles 36
iter   8  #CD cycles 2
iter   9  #CD cycles 1
=========================
optimization finished, #iter = 9
Objective value = 140656.915284
#nonzeros/#features = 3/3
iter   1  #CD cycles 1
iter   2  #CD cycles 1
iter   3  #CD cycles 1
iter   4  #CD cycles 13
iter   5  #CD cycles 5
iter   6  #CD cycles 1
iter   7  #CD cycles 28
iter   8  #CD cycles 3
iter   9  #CD cycles 1
=========================
optimization finished, #iter = 9
Objective value = 140594.290269
#nonzeros/#features = 3/3
iter   1  #CD cycles 1
iter   2  #CD cycles 1
iter   3  #CD cycles 1
iter   4  #CD cycles 5
iter   5  #CD cycles 3
iter   6  #CD cycles 3
iter   7  #CD cycles 1
iter   8  #CD cycles 26
iter   9  #CD cycles 2
iter  10  #CD cycles 2
=========================
optimization finished, #iter = 10
Objective value = 140636.519904
#nonzeros/#features = 3/3
iter   1  #CD cycles 1
iter   2  #CD cycles 1
iter   3  #CD cycles 1
iter   4  #CD cycles 1
iter   5  #CD cycles 28
=========================
optimization finished, #iter = 5
Objective value = 140598.356793
#nonzeros/#features = 3/3
iter   1  #CD cycles 1
iter   2  #CD cycles 1
iter   3  #CD cycles 1
iter   4  #CD cycles 1
iter   5  #CD cycles 20
iter   6  #CD cycles 3
=========================
optimization finished, #iter = 6
Objective value = 140671.996349
#nonzeros/#features = 3/3
iter   1  #CD cycles 1
iter   2  #CD cycles 1
iter   3  #CD cycles 1
iter   4  #CD cycles 1
iter   5  #CD cycles 22
iter   6  #CD cycles 4
=========================
optimization finished, #iter = 6
Objective value = 140613.212553
#nonzeros/#features = 3/3
iter   1  #CD cycles 1
iter   2  #CD cycles 1
iter   3  #CD cycles 1
iter   4  #CD cycles 1
iter   5  #CD cycles 25
=========================
optimization finished, #iter = 5
Objective value = 140612.614509
#nonzeros/#features = 3/3
iter   1  #CD cycles 1
iter   2  #CD cycles 1
iter   3  #CD cycles 1
iter   4  #CD cycles 1
iter   5  #CD cycles 20
iter   6  #CD cycles 4
iter   7  #CD cycles 2
=========================
optimization finished, #iter = 7
Objective value = 140649.539055
#nonzeros/#features = 3/3
Cross Validation Accuracy = 60.3236%
#############################################################################
T2
Features used:
["clarity", "helpfulness", "easiness", "overall_quality"]
======================================

iter   1  #CD cycles 1
iter   2  #CD cycles 1
iter   3  #CD cycles 1
iter   4  #CD cycles 1
=========================
optimization finished, #iter = 4
Objective value = 140648.978479
#nonzeros/#features = 4/5
iter   1  #CD cycles 1
iter   2  #CD cycles 1
iter   3  #CD cycles 1
iter   4  #CD cycles 1
iter   5  #CD cycles 1
iter   6  #CD cycles 56
=========================
optimization finished, #iter = 6
Objective value = 140591.386153
#nonzeros/#features = 4/5
iter   1  #CD cycles 1
iter   2  #CD cycles 1
iter   3  #CD cycles 1
iter   4  #CD cycles 1
iter   5  #CD cycles 15
iter   6  #CD cycles 2
iter   7  #CD cycles 4
iter   8  #CD cycles 3
iter   9  #CD cycles 1
=========================
optimization finished, #iter = 9
Objective value = 140681.765501
#nonzeros/#features = 4/5
iter   1  #CD cycles 1
iter   2  #CD cycles 1
iter   3  #CD cycles 1
iter   4  #CD cycles 1
iter   5  #CD cycles 8
iter   6  #CD cycles 1
=========================
optimization finished, #iter = 6
Objective value = 140640.377050
#nonzeros/#features = 4/5
iter   1  #CD cycles 1
iter   2  #CD cycles 1
iter   3  #CD cycles 1
iter   4  #CD cycles 1
iter   5  #CD cycles 14
iter   6  #CD cycles 7
iter   7  #CD cycles 2
iter   8  #CD cycles 1
=========================
optimization finished, #iter = 8
Objective value = 140612.512733
#nonzeros/#features = 4/5
iter   1  #CD cycles 1
iter   2  #CD cycles 1
iter   3  #CD cycles 1
iter   4  #CD cycles 1
iter   5  #CD cycles 6
iter   6  #CD cycles 17
iter   7  #CD cycles 2
=========================
optimization finished, #iter = 7
Objective value = 140611.903064
#nonzeros/#features = 4/5
iter   1  #CD cycles 1
iter   2  #CD cycles 1
iter   3  #CD cycles 1
iter   4  #CD cycles 1
iter   5  #CD cycles 34
iter   6  #CD cycles 5
iter   7  #CD cycles 4
iter   8  #CD cycles 3
iter   9  #CD cycles 1
=========================
optimization finished, #iter = 9
Objective value = 140661.460887
#nonzeros/#features = 4/5
iter   1  #CD cycles 1
iter   2  #CD cycles 1
iter   3  #CD cycles 1
iter   4  #CD cycles 1
=========================
optimization finished, #iter = 4
Objective value = 140648.450275
#nonzeros/#features = 4/5
iter   1  #CD cycles 1
iter   2  #CD cycles 1
iter   3  #CD cycles 1
iter   4  #CD cycles 5
iter   5  #CD cycles 2
iter   6  #CD cycles 2
iter   7  #CD cycles 1
iter   8  #CD cycles 23
iter   9  #CD cycles 6
iter  10  #CD cycles 2
=========================
optimization finished, #iter = 10
Objective value = 140626.200580
#nonzeros/#features = 4/5
iter   1  #CD cycles 1
iter   2  #CD cycles 1
iter   3  #CD cycles 1
iter   4  #CD cycles 6
iter   5  #CD cycles 7
iter   6  #CD cycles 2
iter   7  #CD cycles 1
iter   8  #CD cycles 20
iter   9  #CD cycles 2
=========================
optimization finished, #iter = 9
Objective value = 140658.503824
#nonzeros/#features = 4/5
Cross Validation Accuracy = 60.3244%
#############################################################################
T3
Features used:
["clarity", "helpfulness", "easiness", "overall_quality", "interest_level"]
======================================

iter   1  #CD cycles 1
iter   2  #CD cycles 1
iter   3  #CD cycles 1
iter   4  #CD cycles 1
iter   5  #CD cycles 39
iter   6  #CD cycles 1
=========================
optimization finished, #iter = 6
Objective value = 140335.079039
#nonzeros/#features = 5/5
iter   1  #CD cycles 1
iter   2  #CD cycles 1
iter   3  #CD cycles 1
iter   4  #CD cycles 4
iter   5  #CD cycles 3
iter   6  #CD cycles 2
iter   7  #CD cycles 2
iter   8  #CD cycles 1
iter   9  #CD cycles 26
iter  10  #CD cycles 9
iter  11  #CD cycles 2
iter  12  #CD cycles 2
iter  13  #CD cycles 3
iter  14  #CD cycles 1
=========================
optimization finished, #iter = 14
Objective value = 140397.328841
#nonzeros/#features = 5/5
iter   1  #CD cycles 1
iter   2  #CD cycles 1
iter   3  #CD cycles 1
iter   4  #CD cycles 6
iter   5  #CD cycles 3
iter   6  #CD cycles 1
iter   7  #CD cycles 33
=========================
optimization finished, #iter = 7
Objective value = 140377.567585
#nonzeros/#features = 5/5
iter   1  #CD cycles 1
iter   2  #CD cycles 1
iter   3  #CD cycles 1
iter   4  #CD cycles 6
iter   5  #CD cycles 3
iter   6  #CD cycles 2
iter   7  #CD cycles 2
iter   8  #CD cycles 1
iter   9  #CD cycles 31
=========================
optimization finished, #iter = 9
Objective value = 140347.238344
#nonzeros/#features = 5/5
iter   1  #CD cycles 1
iter   2  #CD cycles 1
iter   3  #CD cycles 1
iter   4  #CD cycles 6
iter   5  #CD cycles 3
iter   6  #CD cycles 1
iter   7  #CD cycles 29
iter   8  #CD cycles 3
iter   9  #CD cycles 4
iter  10  #CD cycles 3
=========================
optimization finished, #iter = 10
Objective value = 140386.165611
#nonzeros/#features = 5/5
iter   1  #CD cycles 1
iter   2  #CD cycles 1
iter   3  #CD cycles 1
iter   4  #CD cycles 4
iter   5  #CD cycles 2
iter   6  #CD cycles 2
iter   7  #CD cycles 1
iter   8  #CD cycles 33
iter   9  #CD cycles 5
iter  10  #CD cycles 5
=========================
optimization finished, #iter = 10
Objective value = 140328.733581
#nonzeros/#features = 5/5
iter   1  #CD cycles 1
iter   2  #CD cycles 1
iter   3  #CD cycles 1
iter   4  #CD cycles 8
iter   5  #CD cycles 2
iter   6  #CD cycles 1
iter   7  #CD cycles 42
=========================
optimization finished, #iter = 7
Objective value = 140395.180694
#nonzeros/#features = 5/5
iter   1  #CD cycles 1
iter   2  #CD cycles 1
iter   3  #CD cycles 1
iter   4  #CD cycles 3
iter   5  #CD cycles 1
iter   6  #CD cycles 40
iter   7  #CD cycles 1
=========================
optimization finished, #iter = 7
Objective value = 140379.046484
#nonzeros/#features = 5/5
iter   1  #CD cycles 1
iter   2  #CD cycles 1
iter   3  #CD cycles 1
iter   4  #CD cycles 1
iter   5  #CD cycles 47
iter   6  #CD cycles 3
=========================
optimization finished, #iter = 6
Objective value = 140379.264847
#nonzeros/#features = 5/5
iter   1  #CD cycles 1
iter   2  #CD cycles 1
iter   3  #CD cycles 1
iter   4  #CD cycles 14
iter   5  #CD cycles 2
iter   6  #CD cycles 4
iter   7  #CD cycles 1
iter   8  #CD cycles 29
iter   9  #CD cycles 6
iter  10  #CD cycles 1
iter  11  #CD cycles 32
=========================
optimization finished, #iter = 11
Objective value = 140381.845520
#nonzeros/#features = 5/5
Cross Validation Accuracy = 60.3232%
#############################################################################
T4
Features used:
["clarity", "helpfulness", "easiness", "overall_quality", "interest_level", "discipline"]
======================================

iter   1  #CD cycles 1
iter   2  #CD cycles 1
iter   3  #CD cycles 1
iter   4  #CD cycles 2
iter   5  #CD cycles 1
iter   6  #CD cycles 34
=========================
optimization finished, #iter = 6
Objective value = 140231.243393
#nonzeros/#features = 6/7
iter   1  #CD cycles 1
iter   2  #CD cycles 1
iter   3  #CD cycles 1
iter   4  #CD cycles 2
iter   5  #CD cycles 2
iter   6  #CD cycles 1
iter   7  #CD cycles 25
iter   8  #CD cycles 6
iter   9  #CD cycles 5
=========================
optimization finished, #iter = 9
Objective value = 140298.474181
#nonzeros/#features = 6/7
iter   1  #CD cycles 1
iter   2  #CD cycles 1
iter   3  #CD cycles 1
iter   4  #CD cycles 2
iter   5  #CD cycles 3
iter   6  #CD cycles 1
iter   7  #CD cycles 24
iter   8  #CD cycles 7
=========================
optimization finished, #iter = 8
Objective value = 140197.161500
#nonzeros/#features = 6/7
iter   1  #CD cycles 1
iter   2  #CD cycles 1
iter   3  #CD cycles 1
iter   4  #CD cycles 2
iter   5  #CD cycles 1
iter   6  #CD cycles 25
iter   7  #CD cycles 4
iter   8  #CD cycles 1
iter   9  #CD cycles 46
=========================
optimization finished, #iter = 9
Objective value = 140213.266544
#nonzeros/#features = 6/7
iter   1  #CD cycles 1
iter   2  #CD cycles 1
iter   3  #CD cycles 1
iter   4  #CD cycles 2
iter   5  #CD cycles 3
iter   6  #CD cycles 1
iter   7  #CD cycles 29
iter   8  #CD cycles 2
=========================
optimization finished, #iter = 8
Objective value = 140224.127640
#nonzeros/#features = 6/7
iter   1  #CD cycles 1
iter   2  #CD cycles 1
iter   3  #CD cycles 2
iter   4  #CD cycles 1
iter   5  #CD cycles 1
iter   6  #CD cycles 37
iter   7  #CD cycles 1
=========================
optimization finished, #iter = 7
Objective value = 140237.037821
#nonzeros/#features = 6/7
iter   1  #CD cycles 1
iter   2  #CD cycles 1
iter   3  #CD cycles 1
iter   4  #CD cycles 3
iter   5  #CD cycles 1
iter   6  #CD cycles 26
iter   7  #CD cycles 1
iter   8  #CD cycles 29
=========================
optimization finished, #iter = 8
Objective value = 140201.376274
#nonzeros/#features = 6/7
iter   1  #CD cycles 1
iter   2  #CD cycles 1
iter   3  #CD cycles 1
iter   4  #CD cycles 2
iter   5  #CD cycles 2
iter   6  #CD cycles 1
iter   7  #CD cycles 25
iter   8  #CD cycles 4
=========================
optimization finished, #iter = 8
Objective value = 140270.671618
#nonzeros/#features = 6/7
iter   1  #CD cycles 1
iter   2  #CD cycles 1
iter   3  #CD cycles 1
iter   4  #CD cycles 2
iter   5  #CD cycles 1
iter   6  #CD cycles 23
iter   7  #CD cycles 3
iter   8  #CD cycles 4
=========================
optimization finished, #iter = 8
Objective value = 140271.183517
#nonzeros/#features = 6/7
iter   1  #CD cycles 1
iter   2  #CD cycles 1
iter   3  #CD cycles 2
iter   4  #CD cycles 1
iter   5  #CD cycles 1
iter   6  #CD cycles 29
iter   7  #CD cycles 2
iter   8  #CD cycles 4
iter   9  #CD cycles 3
iter  10  #CD cycles 1
iter  11  #CD cycles 37
=========================
optimization finished, #iter = 11
Objective value = 140209.076169
#nonzeros/#features = 6/7
Cross Validation Accuracy = 60.3214%
#############################################################################
T5
Features used:
["clarity", "helpfulness", "easiness", "overall_quality", "interest_level", "discipline", "state"]
======================================

iter   1  #CD cycles 1
iter   2  #CD cycles 1
iter   3  #CD cycles 1
iter   4  #CD cycles 2
iter   5  #CD cycles 2
iter   6  #CD cycles 2
iter   7  #CD cycles 1
iter   8  #CD cycles 29
=========================
optimization finished, #iter = 8
Objective value = 140233.595768
#nonzeros/#features = 7/7
iter   1  #CD cycles 1
iter   2  #CD cycles 1
iter   3  #CD cycles 1
iter   4  #CD cycles 14
iter   5  #CD cycles 1
iter   6  #CD cycles 25
iter   7  #CD cycles 3
iter   8  #CD cycles 4
=========================
optimization finished, #iter = 8
Objective value = 140241.508782
#nonzeros/#features = 7/7
iter   1  #CD cycles 1
iter   2  #CD cycles 1
iter   3  #CD cycles 1
iter   4  #CD cycles 5
iter   5  #CD cycles 2
iter   6  #CD cycles 1
iter   7  #CD cycles 20
iter   8  #CD cycles 3
iter   9  #CD cycles 2
iter  10  #CD cycles 2
iter  11  #CD cycles 3
=========================
optimization finished, #iter = 11
Objective value = 140184.622208
#nonzeros/#features = 7/7
iter   1  #CD cycles 1
iter   2  #CD cycles 1
iter   3  #CD cycles 1
iter   4  #CD cycles 1
iter   5  #CD cycles 14
=========================
optimization finished, #iter = 5
Objective value = 140204.198246
#nonzeros/#features = 7/7
iter   1  #CD cycles 1
iter   2  #CD cycles 1
iter   3  #CD cycles 1
iter   4  #CD cycles 1
iter   5  #CD cycles 36
iter   6  #CD cycles 1
iter   7  #CD cycles 55
=========================
optimization finished, #iter = 7
Objective value = 140205.344771
#nonzeros/#features = 7/7
iter   1  #CD cycles 1
iter   2  #CD cycles 1
iter   3  #CD cycles 1
iter   4  #CD cycles 1
iter   5  #CD cycles 29
=========================
optimization finished, #iter = 5
Objective value = 140243.782467
#nonzeros/#features = 7/7
iter   1  #CD cycles 1
iter   2  #CD cycles 1
iter   3  #CD cycles 2
iter   4  #CD cycles 1
iter   5  #CD cycles 2
iter   6  #CD cycles 1
iter   7  #CD cycles 18
=========================
optimization finished, #iter = 7
Objective value = 140193.551365
#nonzeros/#features = 7/7
iter   1  #CD cycles 1
iter   2  #CD cycles 1
iter   3  #CD cycles 1
iter   4  #CD cycles 1
iter   5  #CD cycles 37
iter   6  #CD cycles 4
iter   7  #CD cycles 4
=========================
optimization finished, #iter = 7
Objective value = 140193.789118
#nonzeros/#features = 7/7
iter   1  #CD cycles 1
iter   2  #CD cycles 1
iter   3  #CD cycles 1
iter   4  #CD cycles 1
iter   5  #CD cycles 26
iter   6  #CD cycles 2
=========================
optimization finished, #iter = 6
Objective value = 140207.613127
#nonzeros/#features = 7/7
iter   1  #CD cycles 1
iter   2  #CD cycles 1
iter   3  #CD cycles 1
iter   4  #CD cycles 4
iter   5  #CD cycles 2
iter   6  #CD cycles 1
iter   7  #CD cycles 39
iter   8  #CD cycles 2
=========================
optimization finished, #iter = 8
Objective value = 140228.115005
#nonzeros/#features = 7/7
Cross Validation Accuracy = 60.324%
#############################################################################
T6
Features used:
["interest_history_corr", "clarity", "helpfulness", "easiness", "interest_level", "clar_history_corr", "help_history_corr", "ease_history_corr"]
======================================

=========================
optimization finished, #iter = 0
Objective value = -nan
#nonzeros/#features = 0/22
=========================
optimization finished, #iter = 0
Objective value = -nan
#nonzeros/#features = 0/22
=========================
optimization finished, #iter = 0
Objective value = -nan
#nonzeros/#features = 0/22
=========================
optimization finished, #iter = 0
Objective value = -nan
#nonzeros/#features = 0/22
=========================
optimization finished, #iter = 0
Objective value = -nan
#nonzeros/#features = 0/22
=========================
optimization finished, #iter = 0
Objective value = -nan
#nonzeros/#features = 0/22
=========================
optimization finished, #iter = 0
Objective value = -nan
#nonzeros/#features = 0/22
=========================
optimization finished, #iter = 0
Objective value = -nan
#nonzeros/#features = 0/22
=========================
optimization finished, #iter = 0
Objective value = -nan
#nonzeros/#features = 0/22
=========================
optimization finished, #iter = 0
Objective value = -nan
#nonzeros/#features = 0/22
Cross Validation Accuracy = 41.656%
#############################################################################
T7
Features used:
["comment_positivity_corr", "comment_negativity_corr"]
======================================

=========================
optimization finished, #iter = 0
Objective value = -nan
#nonzeros/#features = 0/21
=========================
optimization finished, #iter = 0
Objective value = -nan
#nonzeros/#features = 0/21
=========================
optimization finished, #iter = 0
Objective value = -nan
#nonzeros/#features = 0/21
=========================
optimization finished, #iter = 0
Objective value = -nan
#nonzeros/#features = 0/21
=========================
optimization finished, #iter = 0
Objective value = -nan
#nonzeros/#features = 0/21
=========================
optimization finished, #iter = 0
Objective value = -nan
#nonzeros/#features = 0/21
=========================
optimization finished, #iter = 0
Objective value = -nan
#nonzeros/#features = 0/21
=========================
optimization finished, #iter = 0
Objective value = -nan
#nonzeros/#features = 0/21
=========================
optimization finished, #iter = 0
Objective value = -nan
#nonzeros/#features = 0/21
=========================
optimization finished, #iter = 0
Objective value = -nan
#nonzeros/#features = 0/21
Cross Validation Accuracy = 39.676%
#############################################################################
T8
Features used:
["comment_positivity_corr", "comment_negativity_corr", "pos_neu_bigram_count", "pos_pos_bigram_count", "neu_pos_bigram_count", "pos_neg_bigram_count", "neu_neg_bigram_count", "neu_neu_bigram_count", "neg_neu_bigram_count", "neg_pos_bigram_count", "neg_neg_bigram_count"]
======================================

=========================
optimization finished, #iter = 0
Objective value = -nan
#nonzeros/#features = 0/21
=========================
optimization finished, #iter = 0
Objective value = -nan
#nonzeros/#features = 0/21
=========================
optimization finished, #iter = 0
Objective value = -nan
#nonzeros/#features = 0/21
=========================
optimization finished, #iter = 0
Objective value = -nan
#nonzeros/#features = 0/21
=========================
optimization finished, #iter = 0
Objective value = -nan
#nonzeros/#features = 0/21
=========================
optimization finished, #iter = 0
Objective value = -nan
#nonzeros/#features = 0/21
=========================
optimization finished, #iter = 0
Objective value = -nan
#nonzeros/#features = 0/21
=========================
optimization finished, #iter = 0
Objective value = -nan
#nonzeros/#features = 0/21
=========================
optimization finished, #iter = 0
Objective value = -nan
#nonzeros/#features = 0/21
=========================
optimization finished, #iter = 0
Objective value = -nan
#nonzeros/#features = 0/21
Cross Validation Accuracy = 58.1471%
#############################################################################
T9
Features used:
["pos_pos_bigram_count", "pos_neg_bigram_count", "neg_pos_bigram_count", "neg_neg_bigram_count"]
======================================

iter   1  #CD cycles 1
iter   2  #CD cycles 1
iter   3  #CD cycles 2
iter   4  #CD cycles 1
iter   5  #CD cycles 7
iter   6  #CD cycles 4
iter   7  #CD cycles 1
iter   8  #CD cycles 15
=========================
optimization finished, #iter = 8
Objective value = 140873.488555
#nonzeros/#features = 4/16
iter   1  #CD cycles 1
iter   2  #CD cycles 1
iter   3  #CD cycles 2
iter   4  #CD cycles 2
iter   5  #CD cycles 1
iter   6  #CD cycles 5
iter   7  #CD cycles 2
iter   8  #CD cycles 1
iter   9  #CD cycles 6
=========================
optimization finished, #iter = 9
Objective value = 140815.118295
#nonzeros/#features = 4/16
iter   1  #CD cycles 1
iter   2  #CD cycles 1
iter   3  #CD cycles 1
iter   4  #CD cycles 7
iter   5  #CD cycles 1
iter   6  #CD cycles 9
iter   7  #CD cycles 2
=========================
optimization finished, #iter = 7
Objective value = 140813.626934
#nonzeros/#features = 4/16
iter   1  #CD cycles 1
iter   2  #CD cycles 1
iter   3  #CD cycles 2
iter   4  #CD cycles 1
iter   5  #CD cycles 4
iter   6  #CD cycles 2
iter   7  #CD cycles 1
iter   8  #CD cycles 10
=========================
optimization finished, #iter = 8
Objective value = 140852.617858
#nonzeros/#features = 4/16
iter   1  #CD cycles 1
iter   2  #CD cycles 1
iter   3  #CD cycles 4
iter   4  #CD cycles 2
iter   5  #CD cycles 1
iter   6  #CD cycles 9
iter   7  #CD cycles 1
iter   8  #CD cycles 8
=========================
optimization finished, #iter = 8
Objective value = 140863.544592
#nonzeros/#features = 4/16
iter   1  #CD cycles 1
iter   2  #CD cycles 1
iter   3  #CD cycles 1
iter   4  #CD cycles 8
iter   5  #CD cycles 1
iter   6  #CD cycles 12
=========================
optimization finished, #iter = 6
Objective value = 140827.570500
#nonzeros/#features = 4/16
iter   1  #CD cycles 1
iter   2  #CD cycles 1
iter   3  #CD cycles 4
iter   4  #CD cycles 1
iter   5  #CD cycles 6
iter   6  #CD cycles 5
iter   7  #CD cycles 1
iter   8  #CD cycles 12
=========================
optimization finished, #iter = 8
Objective value = 140803.450996
#nonzeros/#features = 4/16
iter   1  #CD cycles 1
iter   2  #CD cycles 1
iter   3  #CD cycles 4
iter   4  #CD cycles 2
iter   5  #CD cycles 1
iter   6  #CD cycles 9
iter   7  #CD cycles 2
iter   8  #CD cycles 1
iter   9  #CD cycles 6
iter  10  #CD cycles 5
=========================
optimization finished, #iter = 10
Objective value = 140793.374888
#nonzeros/#features = 4/16
iter   1  #CD cycles 1
iter   2  #CD cycles 1
iter   3  #CD cycles 4
iter   4  #CD cycles 1
iter   5  #CD cycles 9
iter   6  #CD cycles 1
iter   7  #CD cycles 6
=========================
optimization finished, #iter = 7
Objective value = 140811.073959
#nonzeros/#features = 4/16
iter   1  #CD cycles 1
iter   2  #CD cycles 1
iter   3  #CD cycles 3
iter   4  #CD cycles 1
iter   5  #CD cycles 7
iter   6  #CD cycles 7
iter   7  #CD cycles 1
iter   8  #CD cycles 9
iter   9  #CD cycles 2
=========================
optimization finished, #iter = 9
Objective value = 140830.439198
#nonzeros/#features = 4/16
Cross Validation Accuracy = 60.1348%
#############################################################################
T10
Features used:
["comment_positivity_corr", "comment_negativity_corr", "pos_pos_bigram_count", "pos_neg_bigram_count", "neg_pos_bigram_count", "neg_neg_bigram_count"]
======================================

=========================
optimization finished, #iter = 0
Objective value = -nan
#nonzeros/#features = 0/21
=========================
optimization finished, #iter = 0
Objective value = -nan
#nonzeros/#features = 0/21
=========================
optimization finished, #iter = 0
Objective value = -nan
#nonzeros/#features = 0/21
=========================
optimization finished, #iter = 0
Objective value = -nan
#nonzeros/#features = 0/21
=========================
optimization finished, #iter = 0
Objective value = -nan
#nonzeros/#features = 0/21
=========================
optimization finished, #iter = 0
Objective value = -nan
#nonzeros/#features = 0/21
=========================
optimization finished, #iter = 0
Objective value = -nan
#nonzeros/#features = 0/21
=========================
optimization finished, #iter = 0
Objective value = -nan
#nonzeros/#features = 0/21
=========================
optimization finished, #iter = 0
Objective value = -nan
#nonzeros/#features = 0/21
=========================
optimization finished, #iter = 0
Objective value = -nan
#nonzeros/#features = 0/21
Cross Validation Accuracy = 39.676%
#############################################################################
