T1
Features used:
["clarity", "helpfulness", "easiness"]
======================================

iter   1  #CD cycles 1
iter   2  #CD cycles 1
iter   3  #CD cycles 1
iter   4  #CD cycles 5
iter   5  #CD cycles 1
iter   6  #CD cycles 49
iter   7  #CD cycles 19
=========================
optimization finished, #iter = 7
Objective value = 565940.071566
#nonzeros/#features = 3/3
iter   1  #CD cycles 1
iter   2  #CD cycles 1
iter   3  #CD cycles 1
iter   4  #CD cycles 9
iter   5  #CD cycles 1
iter   6  #CD cycles 31
iter   7  #CD cycles 17
iter   8  #CD cycles 8
iter   9  #CD cycles 1
iter  10  #CD cycles 230
=========================
optimization finished, #iter = 10
Objective value = 565893.862547
#nonzeros/#features = 3/3
iter   1  #CD cycles 1
iter   2  #CD cycles 1
iter   3  #CD cycles 1
iter   4  #CD cycles 1
iter   5  #CD cycles 28
iter   6  #CD cycles 7
=========================
optimization finished, #iter = 6
Objective value = 565816.099335
#nonzeros/#features = 3/3
iter   1  #CD cycles 1
iter   2  #CD cycles 1
iter   3  #CD cycles 1
iter   4  #CD cycles 12
iter   5  #CD cycles 7
iter   6  #CD cycles 3
iter   7  #CD cycles 1
iter   8  #CD cycles 30
iter   9  #CD cycles 3
=========================
optimization finished, #iter = 9
Objective value = 565814.253735
#nonzeros/#features = 3/3
iter   1  #CD cycles 1
iter   2  #CD cycles 1
iter   3  #CD cycles 1
iter   4  #CD cycles 2
iter   5  #CD cycles 2
iter   6  #CD cycles 3
iter   7  #CD cycles 1
iter   8  #CD cycles 26
iter   9  #CD cycles 3
=========================
optimization finished, #iter = 9
Objective value = 565870.281383
#nonzeros/#features = 3/3
iter   1  #CD cycles 1
iter   2  #CD cycles 1
iter   3  #CD cycles 2
iter   4  #CD cycles 1
iter   5  #CD cycles 13
iter   6  #CD cycles 5
iter   7  #CD cycles 1
iter   8  #CD cycles 31
iter   9  #CD cycles 2
iter  10  #CD cycles 2
iter  11  #CD cycles 1
iter  12  #CD cycles 145
=========================
optimization finished, #iter = 12
Objective value = 565882.966635
#nonzeros/#features = 3/3
iter   1  #CD cycles 1
iter   2  #CD cycles 1
iter   3  #CD cycles 2
iter   4  #CD cycles 2
iter   5  #CD cycles 1
iter   6  #CD cycles 14
iter   7  #CD cycles 4
iter   8  #CD cycles 1
iter   9  #CD cycles 38
iter  10  #CD cycles 1
=========================
optimization finished, #iter = 10
Objective value = 566001.800531
#nonzeros/#features = 3/3
iter   1  #CD cycles 1
iter   2  #CD cycles 1
iter   3  #CD cycles 2
iter   4  #CD cycles 1
iter   5  #CD cycles 18
iter   6  #CD cycles 2
iter   7  #CD cycles 1
iter   8  #CD cycles 31
iter   9  #CD cycles 5
=========================
optimization finished, #iter = 9
Objective value = 565926.240705
#nonzeros/#features = 3/3
iter   1  #CD cycles 1
iter   2  #CD cycles 1
iter   3  #CD cycles 1
iter   4  #CD cycles 17
iter   5  #CD cycles 2
iter   6  #CD cycles 3
iter   7  #CD cycles 1
iter   8  #CD cycles 30
iter   9  #CD cycles 7
=========================
optimization finished, #iter = 9
Objective value = 565883.790019
#nonzeros/#features = 3/3
iter   1  #CD cycles 1
iter   2  #CD cycles 1
iter   3  #CD cycles 1
iter   4  #CD cycles 2
iter   5  #CD cycles 2
iter   6  #CD cycles 2
iter   7  #CD cycles 1
iter   8  #CD cycles 34
iter   9  #CD cycles 8
iter  10  #CD cycles 24
iter  11  #CD cycles 6
iter  12  #CD cycles 11
=========================
optimization finished, #iter = 12
Objective value = 565966.424927
#nonzeros/#features = 3/3
Cross Validation Accuracy = 55.6012%
#############################################################################
T2
Features used:
["clarity", "helpfulness", "easiness", "overall_quality"]
======================================

iter   1  #CD cycles 1
iter   2  #CD cycles 1
iter   3  #CD cycles 1
iter   4  #CD cycles 2
iter   5  #CD cycles 1
iter   6  #CD cycles 28
=========================
optimization finished, #iter = 6
Objective value = 565887.376696
#nonzeros/#features = 4/5
iter   1  #CD cycles 1
iter   2  #CD cycles 1
iter   3  #CD cycles 1
iter   4  #CD cycles 1
iter   5  #CD cycles 18
iter   6  #CD cycles 7
iter   7  #CD cycles 1
=========================
optimization finished, #iter = 7
Objective value = 565886.303979
#nonzeros/#features = 4/5
iter   1  #CD cycles 1
iter   2  #CD cycles 1
iter   3  #CD cycles 1
iter   4  #CD cycles 4
iter   5  #CD cycles 1
iter   6  #CD cycles 18
iter   7  #CD cycles 2
iter   8  #CD cycles 3
iter   9  #CD cycles 2
iter  10  #CD cycles 2
=========================
optimization finished, #iter = 10
Objective value = 565899.947795
#nonzeros/#features = 4/5
iter   1  #CD cycles 1
iter   2  #CD cycles 1
iter   3  #CD cycles 1
iter   4  #CD cycles 2
iter   5  #CD cycles 1
iter   6  #CD cycles 22
iter   7  #CD cycles 6
=========================
optimization finished, #iter = 7
Objective value = 565871.575198
#nonzeros/#features = 4/5
iter   1  #CD cycles 1
iter   2  #CD cycles 1
iter   3  #CD cycles 1
iter   4  #CD cycles 2
iter   5  #CD cycles 3
iter   6  #CD cycles 1
iter   7  #CD cycles 59
iter   8  #CD cycles 2
iter   9  #CD cycles 2
=========================
optimization finished, #iter = 9
Objective value = 565963.336395
#nonzeros/#features = 4/5
iter   1  #CD cycles 1
iter   2  #CD cycles 1
iter   3  #CD cycles 1
iter   4  #CD cycles 1
iter   5  #CD cycles 29
iter   6  #CD cycles 10
=========================
optimization finished, #iter = 6
Objective value = 565929.504914
#nonzeros/#features = 4/5
iter   1  #CD cycles 1
iter   2  #CD cycles 1
iter   3  #CD cycles 1
iter   4  #CD cycles 3
iter   5  #CD cycles 2
iter   6  #CD cycles 2
iter   7  #CD cycles 3
iter   8  #CD cycles 2
iter   9  #CD cycles 1
iter  10  #CD cycles 38
iter  11  #CD cycles 7
iter  12  #CD cycles 10
iter  13  #CD cycles 2
iter  14  #CD cycles 1
=========================
optimization finished, #iter = 14
Objective value = 565956.580745
#nonzeros/#features = 4/5
iter   1  #CD cycles 1
iter   2  #CD cycles 1
iter   3  #CD cycles 1
iter   4  #CD cycles 1
iter   5  #CD cycles 40
iter   6  #CD cycles 3
=========================
optimization finished, #iter = 6
Objective value = 565854.394493
#nonzeros/#features = 4/5
iter   1  #CD cycles 1
iter   2  #CD cycles 1
iter   3  #CD cycles 1
iter   4  #CD cycles 2
iter   5  #CD cycles 1
iter   6  #CD cycles 21
iter   7  #CD cycles 2
=========================
optimization finished, #iter = 7
Objective value = 565863.740741
#nonzeros/#features = 4/5
iter   1  #CD cycles 1
iter   2  #CD cycles 1
iter   3  #CD cycles 1
iter   4  #CD cycles 5
iter   5  #CD cycles 1
iter   6  #CD cycles 26
iter   7  #CD cycles 30
iter   8  #CD cycles 13
iter   9  #CD cycles 3
=========================
optimization finished, #iter = 9
Objective value = 565925.376182
#nonzeros/#features = 4/5
Cross Validation Accuracy = 55.5975%
#############################################################################
T3
Features used:
["clarity", "helpfulness", "easiness", "overall_quality", "interest_level"]
======================================

iter   1  #CD cycles 1
iter   2  #CD cycles 1
iter   3  #CD cycles 1
iter   4  #CD cycles 11
iter   5  #CD cycles 5
iter   6  #CD cycles 2
iter   7  #CD cycles 1
iter   8  #CD cycles 26
iter   9  #CD cycles 1
=========================
optimization finished, #iter = 9
Objective value = 565411.680539
#nonzeros/#features = 5/5
iter   1  #CD cycles 1
iter   2  #CD cycles 1
iter   3  #CD cycles 1
iter   4  #CD cycles 2
iter   5  #CD cycles 3
iter   6  #CD cycles 2
iter   7  #CD cycles 1
iter   8  #CD cycles 31
=========================
optimization finished, #iter = 8
Objective value = 565360.106892
#nonzeros/#features = 5/5
iter   1  #CD cycles 1
iter   2  #CD cycles 1
iter   3  #CD cycles 1
iter   4  #CD cycles 15
iter   5  #CD cycles 4
iter   6  #CD cycles 1
iter   7  #CD cycles 30
iter   8  #CD cycles 4
iter   9  #CD cycles 4
=========================
optimization finished, #iter = 9
Objective value = 565441.229871
#nonzeros/#features = 5/5
iter   1  #CD cycles 1
iter   2  #CD cycles 1
iter   3  #CD cycles 1
iter   4  #CD cycles 21
iter   5  #CD cycles 1
iter   6  #CD cycles 39
=========================
optimization finished, #iter = 6
Objective value = 565396.780659
#nonzeros/#features = 5/5
iter   1  #CD cycles 1
iter   2  #CD cycles 1
iter   3  #CD cycles 1
iter   4  #CD cycles 11
iter   5  #CD cycles 4
iter   6  #CD cycles 1
iter   7  #CD cycles 28
iter   8  #CD cycles 3
=========================
optimization finished, #iter = 8
Objective value = 565384.658460
#nonzeros/#features = 5/5
iter   1  #CD cycles 1
iter   2  #CD cycles 1
iter   3  #CD cycles 1
iter   4  #CD cycles 25
iter   5  #CD cycles 1
iter   6  #CD cycles 29
iter   7  #CD cycles 2
iter   8  #CD cycles 2
=========================
optimization finished, #iter = 8
Objective value = 565371.339241
#nonzeros/#features = 5/5
iter   1  #CD cycles 1
iter   2  #CD cycles 1
iter   3  #CD cycles 1
iter   4  #CD cycles 17
iter   5  #CD cycles 3
iter   6  #CD cycles 3
iter   7  #CD cycles 1
iter   8  #CD cycles 33
=========================
optimization finished, #iter = 8
Objective value = 565443.715763
#nonzeros/#features = 5/5
iter   1  #CD cycles 1
iter   2  #CD cycles 1
iter   3  #CD cycles 1
iter   4  #CD cycles 28
iter   5  #CD cycles 1
iter   6  #CD cycles 19
iter   7  #CD cycles 6
=========================
optimization finished, #iter = 7
Objective value = 565400.040030
#nonzeros/#features = 5/5
iter   1  #CD cycles 1
iter   2  #CD cycles 1
iter   3  #CD cycles 1
iter   4  #CD cycles 2
iter   5  #CD cycles 4
iter   6  #CD cycles 1
iter   7  #CD cycles 26
iter   8  #CD cycles 6
=========================
optimization finished, #iter = 8
Objective value = 565427.009784
#nonzeros/#features = 5/5
iter   1  #CD cycles 1
iter   2  #CD cycles 1
iter   3  #CD cycles 1
iter   4  #CD cycles 8
iter   5  #CD cycles 3
iter   6  #CD cycles 4
iter   7  #CD cycles 1
iter   8  #CD cycles 34
iter   9  #CD cycles 2
iter  10  #CD cycles 1
=========================
optimization finished, #iter = 10
Objective value = 565358.494775
#nonzeros/#features = 5/5
Cross Validation Accuracy = 55.5696%
#############################################################################
T4
Features used:
["clarity", "helpfulness", "easiness", "overall_quality", "interest_level", "discipline"]
======================================

iter   1  #CD cycles 1
iter   2  #CD cycles 1
iter   3  #CD cycles 1
iter   4  #CD cycles 4
iter   5  #CD cycles 1
iter   6  #CD cycles 25
=========================
optimization finished, #iter = 6
Objective value = 565128.250418
#nonzeros/#features = 6/7
iter   1  #CD cycles 1
iter   2  #CD cycles 1
iter   3  #CD cycles 1
iter   4  #CD cycles 9
iter   5  #CD cycles 2
iter   6  #CD cycles 1
iter   7  #CD cycles 22
iter   8  #CD cycles 1
=========================
optimization finished, #iter = 8
Objective value = 565155.736643
#nonzeros/#features = 6/7
iter   1  #CD cycles 1
iter   2  #CD cycles 1
iter   3  #CD cycles 1
iter   4  #CD cycles 5
iter   5  #CD cycles 6
iter   6  #CD cycles 1
iter   7  #CD cycles 19
iter   8  #CD cycles 20
iter   9  #CD cycles 1
=========================
optimization finished, #iter = 9
Objective value = 565137.593061
#nonzeros/#features = 6/7
iter   1  #CD cycles 1
iter   2  #CD cycles 1
iter   3  #CD cycles 1
iter   4  #CD cycles 9
iter   5  #CD cycles 2
iter   6  #CD cycles 1
iter   7  #CD cycles 23
=========================
optimization finished, #iter = 7
Objective value = 565177.049945
#nonzeros/#features = 6/7
iter   1  #CD cycles 1
iter   2  #CD cycles 1
iter   3  #CD cycles 1
iter   4  #CD cycles 10
iter   5  #CD cycles 1
iter   6  #CD cycles 29
iter   7  #CD cycles 3
=========================
optimization finished, #iter = 7
Objective value = 564993.340467
#nonzeros/#features = 6/7
iter   1  #CD cycles 1
iter   2  #CD cycles 1
iter   3  #CD cycles 1
iter   4  #CD cycles 1
iter   5  #CD cycles 25
=========================
optimization finished, #iter = 5
Objective value = 565124.167162
#nonzeros/#features = 6/7
iter   1  #CD cycles 1
iter   2  #CD cycles 1
iter   3  #CD cycles 1
iter   4  #CD cycles 5
iter   5  #CD cycles 5
iter   6  #CD cycles 2
iter   7  #CD cycles 3
iter   8  #CD cycles 1
iter   9  #CD cycles 31
=========================
optimization finished, #iter = 9
Objective value = 565090.224294
#nonzeros/#features = 6/7
iter   1  #CD cycles 1
iter   2  #CD cycles 1
iter   3  #CD cycles 2
iter   4  #CD cycles 1
iter   5  #CD cycles 8
iter   6  #CD cycles 3
iter   7  #CD cycles 2
iter   8  #CD cycles 1
iter   9  #CD cycles 28
iter  10  #CD cycles 5
iter  11  #CD cycles 1
iter  12  #CD cycles 62
=========================
optimization finished, #iter = 12
Objective value = 565032.859664
#nonzeros/#features = 6/7
iter   1  #CD cycles 1
iter   2  #CD cycles 1
iter   3  #CD cycles 1
iter   4  #CD cycles 1
iter   5  #CD cycles 18
iter   6  #CD cycles 9
iter   7  #CD cycles 4
iter   8  #CD cycles 2
iter   9  #CD cycles 4
=========================
optimization finished, #iter = 9
Objective value = 565044.770315
#nonzeros/#features = 6/7
iter   1  #CD cycles 1
iter   2  #CD cycles 1
iter   3  #CD cycles 2
iter   4  #CD cycles 1
iter   5  #CD cycles 3
iter   6  #CD cycles 2
iter   7  #CD cycles 4
iter   8  #CD cycles 3
iter   9  #CD cycles 1
iter  10  #CD cycles 38
=========================
optimization finished, #iter = 10
Objective value = 565136.796565
#nonzeros/#features = 6/7
Cross Validation Accuracy = 55.5935%
#############################################################################
T5
Features used:
["clarity", "helpfulness", "easiness", "overall_quality", "interest_level", "discipline", "state"]
======================================

iter   1  #CD cycles 1
iter   2  #CD cycles 1
iter   3  #CD cycles 1
iter   4  #CD cycles 1
iter   5  #CD cycles 36
iter   6  #CD cycles 2
iter   7  #CD cycles 2
iter   8  #CD cycles 1
=========================
optimization finished, #iter = 8
Objective value = 564981.930081
#nonzeros/#features = 7/7
iter   1  #CD cycles 1
iter   2  #CD cycles 1
iter   3  #CD cycles 1
iter   4  #CD cycles 3
iter   5  #CD cycles 5
iter   6  #CD cycles 1
iter   7  #CD cycles 18
iter   8  #CD cycles 5
iter   9  #CD cycles 3
=========================
optimization finished, #iter = 9
Objective value = 565032.275036
#nonzeros/#features = 7/7
iter   1  #CD cycles 1
iter   2  #CD cycles 1
iter   3  #CD cycles 1
iter   4  #CD cycles 4
iter   5  #CD cycles 3
iter   6  #CD cycles 1
iter   7  #CD cycles 26
=========================
optimization finished, #iter = 7
Objective value = 564993.666123
#nonzeros/#features = 7/7
iter   1  #CD cycles 1
iter   2  #CD cycles 1
iter   3  #CD cycles 1
iter   4  #CD cycles 6
iter   5  #CD cycles 1
iter   6  #CD cycles 28
iter   7  #CD cycles 3
=========================
optimization finished, #iter = 7
Objective value = 565061.231677
#nonzeros/#features = 7/7
iter   1  #CD cycles 1
iter   2  #CD cycles 1
iter   3  #CD cycles 1
iter   4  #CD cycles 3
iter   5  #CD cycles 1
iter   6  #CD cycles 17
iter   7  #CD cycles 11
=========================
optimization finished, #iter = 7
Objective value = 565041.835780
#nonzeros/#features = 7/7
iter   1  #CD cycles 1
iter   2  #CD cycles 1
iter   3  #CD cycles 2
iter   4  #CD cycles 1
iter   5  #CD cycles 11
iter   6  #CD cycles 1
iter   7  #CD cycles 33
=========================
optimization finished, #iter = 7
Objective value = 565061.828528
#nonzeros/#features = 7/7
iter   1  #CD cycles 1
iter   2  #CD cycles 1
iter   3  #CD cycles 1
iter   4  #CD cycles 13
iter   5  #CD cycles 1
iter   6  #CD cycles 30
iter   7  #CD cycles 6
=========================
optimization finished, #iter = 7
Objective value = 565064.824636
#nonzeros/#features = 7/7
iter   1  #CD cycles 1
iter   2  #CD cycles 1
iter   3  #CD cycles 1
iter   4  #CD cycles 16
iter   5  #CD cycles 1
iter   6  #CD cycles 28
=========================
optimization finished, #iter = 6
Objective value = 565044.636397
#nonzeros/#features = 7/7
iter   1  #CD cycles 1
iter   2  #CD cycles 1
iter   3  #CD cycles 1
iter   4  #CD cycles 2
iter   5  #CD cycles 15
iter   6  #CD cycles 1
iter   7  #CD cycles 27
iter   8  #CD cycles 1
iter   9  #CD cycles 63
=========================
optimization finished, #iter = 9
Objective value = 565018.350323
#nonzeros/#features = 7/7
iter   1  #CD cycles 1
iter   2  #CD cycles 1
iter   3  #CD cycles 2
iter   4  #CD cycles 1
iter   5  #CD cycles 4
iter   6  #CD cycles 1
iter   7  #CD cycles 40
=========================
optimization finished, #iter = 7
Objective value = 565003.930404
#nonzeros/#features = 7/7
Cross Validation Accuracy = 55.5907%
#############################################################################
T6
Features used:
["interest_history_corr", "clarity", "helpfulness", "easiness", "interest_level", "clar_history_corr", "help_history_corr", "ease_history_corr"]
======================================

=========================
optimization finished, #iter = 0
Objective value = -nan
#nonzeros/#features = 0/22
=========================
optimization finished, #iter = 0
Objective value = -nan
#nonzeros/#features = 0/22
=========================
optimization finished, #iter = 0
Objective value = -nan
#nonzeros/#features = 0/22
=========================
optimization finished, #iter = 0
Objective value = -nan
#nonzeros/#features = 0/22
=========================
optimization finished, #iter = 0
Objective value = -nan
#nonzeros/#features = 0/22
=========================
optimization finished, #iter = 0
Objective value = -nan
#nonzeros/#features = 0/22
=========================
optimization finished, #iter = 0
Objective value = -nan
#nonzeros/#features = 0/22
=========================
optimization finished, #iter = 0
Objective value = -nan
#nonzeros/#features = 0/22
=========================
optimization finished, #iter = 0
Objective value = -nan
#nonzeros/#features = 0/22
=========================
optimization finished, #iter = 0
Objective value = -nan
#nonzeros/#features = 0/22
Cross Validation Accuracy = 44.4229%
#############################################################################
T7
Features used:
["comment_positivity_corr", "comment_negativity_corr"]
======================================

=========================
optimization finished, #iter = 0
Objective value = -nan
#nonzeros/#features = 0/21
=========================
optimization finished, #iter = 0
Objective value = -nan
#nonzeros/#features = 0/21
=========================
optimization finished, #iter = 0
Objective value = -nan
#nonzeros/#features = 0/21
=========================
optimization finished, #iter = 0
Objective value = -nan
#nonzeros/#features = 0/21
=========================
optimization finished, #iter = 0
Objective value = -nan
#nonzeros/#features = 0/21
=========================
optimization finished, #iter = 0
Objective value = -nan
#nonzeros/#features = 0/21
=========================
optimization finished, #iter = 0
Objective value = -nan
#nonzeros/#features = 0/21
=========================
optimization finished, #iter = 0
Objective value = -nan
#nonzeros/#features = 0/21
=========================
optimization finished, #iter = 0
Objective value = -nan
#nonzeros/#features = 0/21
=========================
optimization finished, #iter = 0
Objective value = -nan
#nonzeros/#features = 0/21
Cross Validation Accuracy = 54.4157%
#############################################################################
T8
Features used:
["comment_positivity_corr", "comment_negativity_corr", "pos_neu_bigram_count", "pos_pos_bigram_count", "neu_pos_bigram_count", "pos_neg_bigram_count", "neu_neg_bigram_count", "neu_neu_bigram_count", "neg_neu_bigram_count", "neg_pos_bigram_count", "neg_neg_bigram_count"]
======================================

=========================
optimization finished, #iter = 0
Objective value = -nan
#nonzeros/#features = 0/21
=========================
optimization finished, #iter = 0
Objective value = -nan
#nonzeros/#features = 0/21
=========================
optimization finished, #iter = 0
Objective value = -nan
#nonzeros/#features = 0/21
=========================
optimization finished, #iter = 0
Objective value = -nan
#nonzeros/#features = 0/21
=========================
optimization finished, #iter = 0
Objective value = -nan
#nonzeros/#features = 0/21
=========================
optimization finished, #iter = 0
Objective value = -nan
#nonzeros/#features = 0/21
=========================
optimization finished, #iter = 0
Objective value = -nan
#nonzeros/#features = 0/21
=========================
optimization finished, #iter = 0
Objective value = -nan
#nonzeros/#features = 0/21
=========================
optimization finished, #iter = 0
Objective value = -nan
#nonzeros/#features = 0/21
=========================
optimization finished, #iter = 0
Objective value = -nan
#nonzeros/#features = 0/21
Cross Validation Accuracy = 44.4229%
#############################################################################
T9
Features used:
["pos_pos_bigram_count", "pos_neg_bigram_count", "neg_pos_bigram_count", "neg_neg_bigram_count"]
======================================

iter   1  #CD cycles 1
iter   2  #CD cycles 1
iter   3  #CD cycles 7
iter   4  #CD cycles 1
iter   5  #CD cycles 8
iter   6  #CD cycles 1
iter   7  #CD cycles 7
=========================
optimization finished, #iter = 7
Objective value = 565183.150235
#nonzeros/#features = 4/16
iter   1  #CD cycles 1
iter   2  #CD cycles 1
iter   3  #CD cycles 6
iter   4  #CD cycles 1
iter   5  #CD cycles 3
iter   6  #CD cycles 4
iter   7  #CD cycles 1
iter   8  #CD cycles 11
=========================
optimization finished, #iter = 8
Objective value = 565214.278868
#nonzeros/#features = 4/16
iter   1  #CD cycles 1
iter   2  #CD cycles 1
iter   3  #CD cycles 1
iter   4  #CD cycles 7
iter   5  #CD cycles 1
iter   6  #CD cycles 7
=========================
optimization finished, #iter = 6
Objective value = 565190.096822
#nonzeros/#features = 4/16
iter   1  #CD cycles 1
iter   2  #CD cycles 1
iter   3  #CD cycles 1
iter   4  #CD cycles 7
iter   5  #CD cycles 1
iter   6  #CD cycles 11
=========================
optimization finished, #iter = 6
Objective value = 565247.740956
#nonzeros/#features = 4/16
iter   1  #CD cycles 1
iter   2  #CD cycles 1
iter   3  #CD cycles 4
iter   4  #CD cycles 1
iter   5  #CD cycles 6
iter   6  #CD cycles 2
iter   7  #CD cycles 1
iter   8  #CD cycles 8
=========================
optimization finished, #iter = 8
Objective value = 565189.352428
#nonzeros/#features = 4/16
iter   1  #CD cycles 1
iter   2  #CD cycles 1
iter   3  #CD cycles 1
iter   4  #CD cycles 6
iter   5  #CD cycles 1
iter   6  #CD cycles 9
iter   7  #CD cycles 2
=========================
optimization finished, #iter = 7
Objective value = 565188.994302
#nonzeros/#features = 4/16
iter   1  #CD cycles 1
iter   2  #CD cycles 1
iter   3  #CD cycles 1
iter   4  #CD cycles 8
iter   5  #CD cycles 1
iter   6  #CD cycles 9
=========================
optimization finished, #iter = 6
Objective value = 565200.666245
#nonzeros/#features = 4/16
iter   1  #CD cycles 1
iter   2  #CD cycles 1
iter   3  #CD cycles 2
iter   4  #CD cycles 2
iter   5  #CD cycles 1
iter   6  #CD cycles 3
iter   7  #CD cycles 3
iter   8  #CD cycles 1
iter   9  #CD cycles 9
=========================
optimization finished, #iter = 9
Objective value = 565123.039067
#nonzeros/#features = 4/16
iter   1  #CD cycles 1
iter   2  #CD cycles 1
iter   3  #CD cycles 5
iter   4  #CD cycles 2
iter   5  #CD cycles 1
iter   6  #CD cycles 4
iter   7  #CD cycles 1
iter   8  #CD cycles 10
=========================
optimization finished, #iter = 8
Objective value = 565251.528421
#nonzeros/#features = 4/16
iter   1  #CD cycles 1
iter   2  #CD cycles 1
iter   3  #CD cycles 5
iter   4  #CD cycles 1
iter   5  #CD cycles 10
iter   6  #CD cycles 1
iter   7  #CD cycles 6
=========================
optimization finished, #iter = 7
Objective value = 565264.391519
#nonzeros/#features = 4/16
Cross Validation Accuracy = 54.9803%
#############################################################################
T10
Features used:
["comment_positivity_corr", "comment_negativity_corr", "pos_pos_bigram_count", "pos_neg_bigram_count", "neg_pos_bigram_count", "neg_neg_bigram_count"]
======================================

=========================
optimization finished, #iter = 0
Objective value = -nan
#nonzeros/#features = 0/21
=========================
optimization finished, #iter = 0
Objective value = -nan
#nonzeros/#features = 0/21
=========================
optimization finished, #iter = 0
Objective value = -nan
#nonzeros/#features = 0/21
=========================
optimization finished, #iter = 0
Objective value = -nan
#nonzeros/#features = 0/21
=========================
optimization finished, #iter = 0
Objective value = -nan
#nonzeros/#features = 0/21
=========================
optimization finished, #iter = 0
Objective value = -nan
#nonzeros/#features = 0/21
=========================
optimization finished, #iter = 0
Objective value = -nan
#nonzeros/#features = 0/21
=========================
optimization finished, #iter = 0
Objective value = -nan
#nonzeros/#features = 0/21
=========================
optimization finished, #iter = 0
Objective value = -nan
#nonzeros/#features = 0/21
=========================
optimization finished, #iter = 0
Objective value = -nan
#nonzeros/#features = 0/21
Cross Validation Accuracy = 45.5411%
#############################################################################
